mode: set
gRPC-USDT/api/proto/usdt.pb.go:32.46,37.2 4 0
gRPC-USDT/api/proto/usdt.pb.go:39.54,41.2 1 0
gRPC-USDT/api/proto/usdt.pb.go:43.52,43.53 0 0
gRPC-USDT/api/proto/usdt.pb.go:45.74,47.14 2 0
gRPC-USDT/api/proto/usdt.pb.go:47.14,49.34 2 0
gRPC-USDT/api/proto/usdt.pb.go:49.34,51.4 1 0
gRPC-USDT/api/proto/usdt.pb.go:52.3,52.12 1 0
gRPC-USDT/api/proto/usdt.pb.go:54.2,54.24 1 0
gRPC-USDT/api/proto/usdt.pb.go:58.65,60.2 1 0
gRPC-USDT/api/proto/usdt.pb.go:75.47,80.2 4 0
gRPC-USDT/api/proto/usdt.pb.go:82.55,84.2 1 0
gRPC-USDT/api/proto/usdt.pb.go:86.53,86.54 0 0
gRPC-USDT/api/proto/usdt.pb.go:88.75,90.14 2 0
gRPC-USDT/api/proto/usdt.pb.go:90.14,92.34 2 0
gRPC-USDT/api/proto/usdt.pb.go:92.34,94.4 1 0
gRPC-USDT/api/proto/usdt.pb.go:95.3,95.12 1 0
gRPC-USDT/api/proto/usdt.pb.go:97.2,97.24 1 0
gRPC-USDT/api/proto/usdt.pb.go:101.66,103.2 1 0
gRPC-USDT/api/proto/usdt.pb.go:105.57,106.14 1 0
gRPC-USDT/api/proto/usdt.pb.go:106.14,108.3 1 0
gRPC-USDT/api/proto/usdt.pb.go:109.2,109.14 1 0
gRPC-USDT/api/proto/usdt.pb.go:112.56,113.14 1 0
gRPC-USDT/api/proto/usdt.pb.go:113.14,115.3 1 0
gRPC-USDT/api/proto/usdt.pb.go:116.2,116.10 1 0
gRPC-USDT/api/proto/usdt.pb.go:119.56,120.14 1 0
gRPC-USDT/api/proto/usdt.pb.go:120.14,122.3 1 0
gRPC-USDT/api/proto/usdt.pb.go:123.2,123.10 1 0
gRPC-USDT/api/proto/usdt.pb.go:126.62,127.14 1 0
gRPC-USDT/api/proto/usdt.pb.go:127.14,129.3 1 0
gRPC-USDT/api/proto/usdt.pb.go:130.2,130.10 1 0
gRPC-USDT/api/proto/usdt.pb.go:133.62,134.14 1 0
gRPC-USDT/api/proto/usdt.pb.go:134.14,136.3 1 0
gRPC-USDT/api/proto/usdt.pb.go:137.2,137.10 1 0
gRPC-USDT/api/proto/usdt.pb.go:140.61,141.14 1 0
gRPC-USDT/api/proto/usdt.pb.go:141.14,143.3 1 0
gRPC-USDT/api/proto/usdt.pb.go:144.2,144.11 1 0
gRPC-USDT/api/proto/usdt.pb.go:181.43,182.40 1 0
gRPC-USDT/api/proto/usdt.pb.go:182.40,184.3 1 0
gRPC-USDT/api/proto/usdt.pb.go:185.2,185.36 1 0
gRPC-USDT/api/proto/usdt.pb.go:203.13,203.39 1 0
gRPC-USDT/api/proto/usdt.pb.go:204.29,205.28 1 0
gRPC-USDT/api/proto/usdt.pb.go:205.28,207.3 1 0
gRPC-USDT/api/proto/usdt.pb.go:208.2,225.31 6 0
gRPC-USDT/api/proto/usdt_grpc.pb.go:39.74,41.2 1 0
gRPC-USDT/api/proto/usdt_grpc.pb.go:43.165,47.16 4 0
gRPC-USDT/api/proto/usdt_grpc.pb.go:47.16,49.3 1 0
gRPC-USDT/api/proto/usdt_grpc.pb.go:50.2,50.17 1 0
gRPC-USDT/api/proto/usdt_grpc.pb.go:68.143,70.2 1 0
gRPC-USDT/api/proto/usdt_grpc.pb.go:71.82,71.83 0 0
gRPC-USDT/api/proto/usdt_grpc.pb.go:72.82,72.83 0 0
gRPC-USDT/api/proto/usdt_grpc.pb.go:81.80,86.59 1 0
gRPC-USDT/api/proto/usdt_grpc.pb.go:86.59,88.3 1 0
gRPC-USDT/api/proto/usdt_grpc.pb.go:89.2,89.50 1 0
gRPC-USDT/api/proto/usdt_grpc.pb.go:92.176,94.32 2 0
gRPC-USDT/api/proto/usdt_grpc.pb.go:94.32,96.3 1 0
gRPC-USDT/api/proto/usdt_grpc.pb.go:97.2,97.24 1 0
gRPC-USDT/api/proto/usdt_grpc.pb.go:97.24,99.3 1 0
gRPC-USDT/api/proto/usdt_grpc.pb.go:100.2,104.77 2 0
gRPC-USDT/api/proto/usdt_grpc.pb.go:104.77,106.3 1 0
gRPC-USDT/api/proto/usdt_grpc.pb.go:107.2,107.44 1 0
gRPC-USDT/cmd/main.go:18.13,21.16 2 0
gRPC-USDT/cmd/main.go:21.16,22.13 1 0
gRPC-USDT/cmd/main.go:24.2,24.33 1 0
gRPC-USDT/cmd/main.go:24.33,26.3 1 0
gRPC-USDT/cmd/main.go:29.2,31.16 3 0
gRPC-USDT/cmd/main.go:31.16,33.3 1 0
gRPC-USDT/cmd/main.go:36.2,40.16 3 0
gRPC-USDT/cmd/main.go:40.16,42.3 1 0
gRPC-USDT/cmd/main.go:42.8,45.3 2 0
gRPC-USDT/cmd/main.go:47.2,47.15 1 0
gRPC-USDT/cmd/main.go:47.15,48.59 1 0
gRPC-USDT/cmd/main.go:48.59,50.4 1 0
gRPC-USDT/cmd/main.go:50.9,52.4 1 0
gRPC-USDT/cmd/main.go:55.2,56.16 2 0
gRPC-USDT/cmd/main.go:56.16,58.3 1 0
gRPC-USDT/cmd/main.go:60.2,60.66 1 0
gRPC-USDT/cmd/main.go:60.66,62.3 1 0
gRPC-USDT/cmd/main.go:64.2,67.16 3 0
gRPC-USDT/cmd/main.go:67.16,69.3 1 0
gRPC-USDT/cmd/main.go:71.2,73.62 2 0
gRPC-USDT/cmd/main.go:73.62,75.3 1 0
gRPC-USDT/cmd/main.go:78.2,78.12 1 0
gRPC-USDT/cmd/main.go:78.12,82.87 4 0
gRPC-USDT/cmd/main.go:82.87,84.4 1 0
gRPC-USDT/cmd/main.go:87.2,87.45 1 0
gRPC-USDT/internal/config/config.go:26.65,27.40 1 1
gRPC-USDT/internal/config/config.go:27.40,29.3 1 1
gRPC-USDT/internal/config/config.go:31.2,47.12 4 1
gRPC-USDT/internal/config/config.go:50.83,52.18 1 1
gRPC-USDT/internal/config/config.go:52.18,53.44 1 1
gRPC-USDT/internal/config/config.go:53.44,55.38 1 1
gRPC-USDT/internal/config/config.go:55.38,57.5 1 1
gRPC-USDT/internal/config/config.go:62.2,62.46 1 1
gRPC-USDT/internal/config/config.go:62.46,64.3 1 1
gRPC-USDT/internal/config/config.go:67.2,67.21 1 1
gRPC-USDT/internal/config/config.go:70.87,72.18 1 1
gRPC-USDT/internal/config/config.go:72.18,73.44 1 1
gRPC-USDT/internal/config/config.go:73.44,75.38 1 1
gRPC-USDT/internal/config/config.go:75.38,76.66 1 1
gRPC-USDT/internal/config/config.go:76.66,78.6 1 1
gRPC-USDT/internal/config/config.go:84.2,84.46 1 1
gRPC-USDT/internal/config/config.go:84.46,85.53 1 1
gRPC-USDT/internal/config/config.go:85.53,87.4 1 1
gRPC-USDT/internal/config/config.go:91.2,91.21 1 1
gRPC-USDT/internal/config/config.go:94.53,95.119 1 1
gRPC-USDT/internal/config/config.go:95.119,102.3 1 0
gRPC-USDT/internal/config/config.go:105.48,117.2 1 1
gRPC-USDT/api/server/server.go:19.48,23.16 3 1
gRPC-USDT/api/server/server.go:23.16,25.3 1 0
gRPC-USDT/api/server/server.go:27.2,33.48 2 1
gRPC-USDT/api/server/server.go:33.48,35.3 1 0
gRPC-USDT/api/server/server.go:36.2,36.12 1 1
gRPC-USDT/api/server/server.go:39.25,42.2 2 1
gRPC-USDT/internal/metrics/metrics.go:52.13,58.2 5 1
gRPC-USDT/internal/metrics/metrics.go:61.35,63.2 1 1
gRPC-USDT/api/proto/usdt.pb.go:32.46,37.2 4 0
gRPC-USDT/api/proto/usdt.pb.go:39.54,41.2 1 0
gRPC-USDT/api/proto/usdt.pb.go:43.52,43.53 0 0
gRPC-USDT/api/proto/usdt.pb.go:45.74,47.14 2 0
gRPC-USDT/api/proto/usdt.pb.go:47.14,49.34 2 0
gRPC-USDT/api/proto/usdt.pb.go:49.34,51.4 1 0
gRPC-USDT/api/proto/usdt.pb.go:52.3,52.12 1 0
gRPC-USDT/api/proto/usdt.pb.go:54.2,54.24 1 0
gRPC-USDT/api/proto/usdt.pb.go:58.65,60.2 1 0
gRPC-USDT/api/proto/usdt.pb.go:75.47,80.2 4 0
gRPC-USDT/api/proto/usdt.pb.go:82.55,84.2 1 0
gRPC-USDT/api/proto/usdt.pb.go:86.53,86.54 0 0
gRPC-USDT/api/proto/usdt.pb.go:88.75,90.14 2 0
gRPC-USDT/api/proto/usdt.pb.go:90.14,92.34 2 0
gRPC-USDT/api/proto/usdt.pb.go:92.34,94.4 1 0
gRPC-USDT/api/proto/usdt.pb.go:95.3,95.12 1 0
gRPC-USDT/api/proto/usdt.pb.go:97.2,97.24 1 0
gRPC-USDT/api/proto/usdt.pb.go:101.66,103.2 1 0
gRPC-USDT/api/proto/usdt.pb.go:105.57,106.14 1 0
gRPC-USDT/api/proto/usdt.pb.go:106.14,108.3 1 0
gRPC-USDT/api/proto/usdt.pb.go:109.2,109.14 1 0
gRPC-USDT/api/proto/usdt.pb.go:112.56,113.14 1 0
gRPC-USDT/api/proto/usdt.pb.go:113.14,115.3 1 0
gRPC-USDT/api/proto/usdt.pb.go:116.2,116.10 1 0
gRPC-USDT/api/proto/usdt.pb.go:119.56,120.14 1 0
gRPC-USDT/api/proto/usdt.pb.go:120.14,122.3 1 0
gRPC-USDT/api/proto/usdt.pb.go:123.2,123.10 1 0
gRPC-USDT/api/proto/usdt.pb.go:126.62,127.14 1 0
gRPC-USDT/api/proto/usdt.pb.go:127.14,129.3 1 0
gRPC-USDT/api/proto/usdt.pb.go:130.2,130.10 1 0
gRPC-USDT/api/proto/usdt.pb.go:133.62,134.14 1 0
gRPC-USDT/api/proto/usdt.pb.go:134.14,136.3 1 0
gRPC-USDT/api/proto/usdt.pb.go:137.2,137.10 1 0
gRPC-USDT/api/proto/usdt.pb.go:140.61,141.14 1 0
gRPC-USDT/api/proto/usdt.pb.go:141.14,143.3 1 0
gRPC-USDT/api/proto/usdt.pb.go:144.2,144.11 1 0
gRPC-USDT/api/proto/usdt.pb.go:181.43,182.40 1 0
gRPC-USDT/api/proto/usdt.pb.go:182.40,184.3 1 0
gRPC-USDT/api/proto/usdt.pb.go:185.2,185.36 1 0
gRPC-USDT/api/proto/usdt.pb.go:203.13,203.39 1 1
gRPC-USDT/api/proto/usdt.pb.go:204.29,205.28 1 1
gRPC-USDT/api/proto/usdt.pb.go:205.28,207.3 1 0
gRPC-USDT/api/proto/usdt.pb.go:208.2,225.31 6 1
gRPC-USDT/api/proto/usdt_grpc.pb.go:39.74,41.2 1 0
gRPC-USDT/api/proto/usdt_grpc.pb.go:43.165,47.16 4 0
gRPC-USDT/api/proto/usdt_grpc.pb.go:47.16,49.3 1 0
gRPC-USDT/api/proto/usdt_grpc.pb.go:50.2,50.17 1 0
gRPC-USDT/api/proto/usdt_grpc.pb.go:68.143,70.2 1 0
gRPC-USDT/api/proto/usdt_grpc.pb.go:71.82,71.83 0 0
gRPC-USDT/api/proto/usdt_grpc.pb.go:72.82,72.83 0 0
gRPC-USDT/api/proto/usdt_grpc.pb.go:81.80,86.59 1 0
gRPC-USDT/api/proto/usdt_grpc.pb.go:86.59,88.3 1 0
gRPC-USDT/api/proto/usdt_grpc.pb.go:89.2,89.50 1 0
gRPC-USDT/api/proto/usdt_grpc.pb.go:92.176,94.32 2 0
gRPC-USDT/api/proto/usdt_grpc.pb.go:94.32,96.3 1 0
gRPC-USDT/api/proto/usdt_grpc.pb.go:97.2,97.24 1 0
gRPC-USDT/api/proto/usdt_grpc.pb.go:97.24,99.3 1 0
gRPC-USDT/api/proto/usdt_grpc.pb.go:100.2,104.77 2 0
gRPC-USDT/api/proto/usdt_grpc.pb.go:104.77,106.3 1 0
gRPC-USDT/api/proto/usdt_grpc.pb.go:107.2,107.44 1 0
gRPC-USDT/internal/service/rate_service.go:35.75,37.2 1 0
gRPC-USDT/internal/service/rate_service.go:54.16,55.23 1 1
gRPC-USDT/internal/service/rate_service.go:55.23,57.3 1 0
gRPC-USDT/internal/service/rate_service.go:58.2,63.3 1 1
gRPC-USDT/internal/service/rate_service.go:70.47,78.16 6 1
gRPC-USDT/internal/service/rate_service.go:78.16,81.3 2 0
gRPC-USDT/internal/service/rate_service.go:83.2,84.16 2 1
gRPC-USDT/internal/service/rate_service.go:84.16,87.3 2 1
gRPC-USDT/internal/service/rate_service.go:88.2,88.33 1 1
gRPC-USDT/internal/service/rate_service.go:88.33,90.3 1 1
gRPC-USDT/internal/service/rate_service.go:92.2,92.38 1 1
gRPC-USDT/internal/service/rate_service.go:92.38,94.3 1 1
gRPC-USDT/internal/service/rate_service.go:96.2,97.74 2 1
gRPC-USDT/internal/service/rate_service.go:97.74,100.3 2 1
gRPC-USDT/internal/service/rate_service.go:102.2,102.66 1 1
gRPC-USDT/internal/service/rate_service.go:102.66,104.3 1 1
gRPC-USDT/internal/service/rate_service.go:106.2,107.16 2 1
gRPC-USDT/internal/service/rate_service.go:107.16,109.3 1 1
gRPC-USDT/internal/service/rate_service.go:111.2,112.16 2 1
gRPC-USDT/internal/service/rate_service.go:112.16,114.3 1 0
gRPC-USDT/internal/service/rate_service.go:116.2,117.99 2 1
gRPC-USDT/internal/service/rate_service.go:117.99,120.3 2 1
gRPC-USDT/internal/service/rate_service.go:121.2,133.8 4 1
gRPC-USDT/internal/service/rate_service.go:136.70,137.20 1 1
gRPC-USDT/internal/service/rate_service.go:137.20,139.3 1 1
gRPC-USDT/internal/service/rate_service.go:141.2,142.16 2 1
gRPC-USDT/internal/service/rate_service.go:142.16,144.3 1 1
gRPC-USDT/internal/service/rate_service.go:146.2,147.16 2 1
gRPC-USDT/internal/service/rate_service.go:147.16,149.3 1 1
gRPC-USDT/internal/service/rate_service.go:151.2,151.27 1 1
gRPC-USDT/internal/optel/optel.go:16.82,24.16 3 1
gRPC-USDT/internal/optel/optel.go:24.16,26.3 1 0
gRPC-USDT/internal/optel/optel.go:28.2,48.16 4 1
gRPC-USDT/internal/storage/storage.go:49.93,51.17 1 1
gRPC-USDT/internal/storage/storage.go:51.17,54.17 3 1
gRPC-USDT/internal/storage/storage.go:54.17,56.4 1 0
gRPC-USDT/internal/storage/storage.go:58.2,58.18 1 1
gRPC-USDT/internal/storage/storage.go:61.49,62.17 1 1
gRPC-USDT/internal/storage/storage.go:62.17,64.3 1 1
gRPC-USDT/internal/storage/storage.go:65.2,65.20 1 1
gRPC-USDT/internal/storage/storage.go:68.50,69.17 1 1
gRPC-USDT/internal/storage/storage.go:69.17,71.3 1 1
gRPC-USDT/internal/storage/storage.go:72.2,72.21 1 1
gRPC-USDT/internal/storage/storage.go:79.23,80.17 1 1
gRPC-USDT/internal/storage/storage.go:80.17,82.3 1 1
gRPC-USDT/internal/storage/storage.go:83.2,83.46 1 1
gRPC-USDT/internal/storage/storage.go:91.96,92.16 1 1
gRPC-USDT/internal/storage/storage.go:92.16,95.17 3 1
gRPC-USDT/internal/storage/storage.go:95.17,97.4 1 1
gRPC-USDT/internal/storage/storage.go:99.2,99.17 1 0
gRPC-USDT/internal/storage/storage.go:102.46,103.16 1 1
gRPC-USDT/internal/storage/storage.go:103.16,105.3 1 1
gRPC-USDT/internal/storage/storage.go:106.2,106.17 1 0
gRPC-USDT/internal/storage/storage.go:117.113,120.16 2 1
gRPC-USDT/internal/storage/storage.go:120.16,122.3 1 1
gRPC-USDT/internal/storage/storage.go:124.2,124.43 1 1
gRPC-USDT/internal/storage/storage.go:124.43,126.3 1 1
gRPC-USDT/internal/storage/storage.go:128.2,132.8 1 1
gRPC-USDT/internal/storage/storage.go:135.56,137.45 1 1
gRPC-USDT/internal/storage/storage.go:137.45,139.3 1 1
gRPC-USDT/internal/storage/storage.go:141.2,141.45 1 1
gRPC-USDT/internal/storage/storage.go:141.45,143.3 1 0
gRPC-USDT/internal/storage/storage.go:145.2,149.16 4 1
gRPC-USDT/internal/storage/storage.go:149.16,151.3 1 1
gRPC-USDT/internal/storage/storage.go:153.2,153.88 1 1
gRPC-USDT/internal/storage/storage.go:153.88,155.3 1 1
gRPC-USDT/internal/storage/storage.go:157.2,157.12 1 1
gRPC-USDT/internal/storage/storage.go:164.9,165.17 1 1
gRPC-USDT/internal/storage/storage.go:165.17,167.3 1 1
gRPC-USDT/internal/storage/storage.go:169.2,184.16 7 1
gRPC-USDT/internal/storage/storage.go:184.16,188.3 3 1
gRPC-USDT/internal/storage/storage.go:190.2,199.12 4 1
gRPC-USDT/internal/storage/storage.go:202.33,203.37 1 1
gRPC-USDT/internal/storage/storage.go:203.37,205.3 1 1
gRPC-USDT/internal/storage/storage.go:206.2,206.12 1 1
gRPC-USDT/api/proto/usdt.pb.go:32.46,37.2 4 0
gRPC-USDT/api/proto/usdt.pb.go:39.54,41.2 1 0
gRPC-USDT/api/proto/usdt.pb.go:43.52,43.53 0 0
gRPC-USDT/api/proto/usdt.pb.go:45.74,47.14 2 0
gRPC-USDT/api/proto/usdt.pb.go:47.14,49.34 2 0
gRPC-USDT/api/proto/usdt.pb.go:49.34,51.4 1 0
gRPC-USDT/api/proto/usdt.pb.go:52.3,52.12 1 0
gRPC-USDT/api/proto/usdt.pb.go:54.2,54.24 1 0
gRPC-USDT/api/proto/usdt.pb.go:58.65,60.2 1 0
gRPC-USDT/api/proto/usdt.pb.go:75.47,80.2 4 0
gRPC-USDT/api/proto/usdt.pb.go:82.55,84.2 1 0
gRPC-USDT/api/proto/usdt.pb.go:86.53,86.54 0 0
gRPC-USDT/api/proto/usdt.pb.go:88.75,90.14 2 0
gRPC-USDT/api/proto/usdt.pb.go:90.14,92.34 2 0
gRPC-USDT/api/proto/usdt.pb.go:92.34,94.4 1 0
gRPC-USDT/api/proto/usdt.pb.go:95.3,95.12 1 0
gRPC-USDT/api/proto/usdt.pb.go:97.2,97.24 1 0
gRPC-USDT/api/proto/usdt.pb.go:101.66,103.2 1 0
gRPC-USDT/api/proto/usdt.pb.go:105.57,106.14 1 0
gRPC-USDT/api/proto/usdt.pb.go:106.14,108.3 1 0
gRPC-USDT/api/proto/usdt.pb.go:109.2,109.14 1 0
gRPC-USDT/api/proto/usdt.pb.go:112.56,113.14 1 0
gRPC-USDT/api/proto/usdt.pb.go:113.14,115.3 1 0
gRPC-USDT/api/proto/usdt.pb.go:116.2,116.10 1 0
gRPC-USDT/api/proto/usdt.pb.go:119.56,120.14 1 0
gRPC-USDT/api/proto/usdt.pb.go:120.14,122.3 1 0
gRPC-USDT/api/proto/usdt.pb.go:123.2,123.10 1 0
gRPC-USDT/api/proto/usdt.pb.go:126.62,127.14 1 0
gRPC-USDT/api/proto/usdt.pb.go:127.14,129.3 1 0
gRPC-USDT/api/proto/usdt.pb.go:130.2,130.10 1 0
gRPC-USDT/api/proto/usdt.pb.go:133.62,134.14 1 0
gRPC-USDT/api/proto/usdt.pb.go:134.14,136.3 1 0
gRPC-USDT/api/proto/usdt.pb.go:137.2,137.10 1 0
gRPC-USDT/api/proto/usdt.pb.go:140.61,141.14 1 0
gRPC-USDT/api/proto/usdt.pb.go:141.14,143.3 1 0
gRPC-USDT/api/proto/usdt.pb.go:144.2,144.11 1 0
gRPC-USDT/api/proto/usdt.pb.go:181.43,182.40 1 0
gRPC-USDT/api/proto/usdt.pb.go:182.40,184.3 1 0
gRPC-USDT/api/proto/usdt.pb.go:185.2,185.36 1 0
gRPC-USDT/api/proto/usdt.pb.go:203.13,203.39 1 1
gRPC-USDT/api/proto/usdt.pb.go:204.29,205.28 1 1
gRPC-USDT/api/proto/usdt.pb.go:205.28,207.3 1 0
gRPC-USDT/api/proto/usdt.pb.go:208.2,225.31 6 1
gRPC-USDT/api/proto/usdt_grpc.pb.go:39.74,41.2 1 0
gRPC-USDT/api/proto/usdt_grpc.pb.go:43.165,47.16 4 0
gRPC-USDT/api/proto/usdt_grpc.pb.go:47.16,49.3 1 0
gRPC-USDT/api/proto/usdt_grpc.pb.go:50.2,50.17 1 0
gRPC-USDT/api/proto/usdt_grpc.pb.go:68.143,70.2 1 0
gRPC-USDT/api/proto/usdt_grpc.pb.go:71.82,71.83 0 0
gRPC-USDT/api/proto/usdt_grpc.pb.go:72.82,72.83 0 1
gRPC-USDT/api/proto/usdt_grpc.pb.go:81.80,86.59 1 1
gRPC-USDT/api/proto/usdt_grpc.pb.go:86.59,88.3 1 1
gRPC-USDT/api/proto/usdt_grpc.pb.go:89.2,89.50 1 1
gRPC-USDT/api/proto/usdt_grpc.pb.go:92.176,94.32 2 0
gRPC-USDT/api/proto/usdt_grpc.pb.go:94.32,96.3 1 0
gRPC-USDT/api/proto/usdt_grpc.pb.go:97.2,97.24 1 0
gRPC-USDT/api/proto/usdt_grpc.pb.go:97.24,99.3 1 0
gRPC-USDT/api/proto/usdt_grpc.pb.go:100.2,104.77 2 0
gRPC-USDT/api/proto/usdt_grpc.pb.go:104.77,106.3 1 0
gRPC-USDT/api/proto/usdt_grpc.pb.go:107.2,107.44 1 0
gRPC-USDT/internal/utils/utils.go:30.113,32.2 1 1
gRPC-USDT/internal/utils/utils.go:34.92,36.2 1 0
gRPC-USDT/internal/utils/utils.go:38.41,40.2 1 1
gRPC-USDT/internal/utils/utils.go:42.73,45.2 2 0
gRPC-USDT/internal/utils/utils.go:47.66,54.16 5 1
gRPC-USDT/internal/utils/utils.go:54.16,56.3 1 1
gRPC-USDT/internal/utils/utils.go:58.2,58.19 1 0
gRPC-USDT/internal/utils/utils.go:61.92,65.36 2 0
gRPC-USDT/internal/utils/utils.go:65.36,67.3 1 0
gRPC-USDT/internal/utils/utils.go:67.8,71.17 2 0
gRPC-USDT/internal/utils/utils.go:71.17,73.4 1 0
gRPC-USDT/internal/utils/utils.go:74.3,75.84 2 0
gRPC-USDT/internal/utils/utils.go:78.2,78.38 1 0
gRPC-USDT/internal/utils/utils.go:81.112,83.2 1 1
gRPC-USDT/internal/utils/utils.go:85.131,92.16 6 1
gRPC-USDT/internal/utils/utils.go:92.16,94.3 1 0
gRPC-USDT/internal/utils/utils.go:96.2,98.12 2 1
gRPC-USDT/internal/utils/utils.go:98.12,99.47 1 1
gRPC-USDT/internal/utils/utils.go:99.47,101.4 1 0
gRPC-USDT/internal/utils/utils.go:104.2,104.29 1 1
gRPC-USDT/internal/utils/utils.go:107.71,112.16 3 1
gRPC-USDT/internal/utils/utils.go:112.16,114.3 1 0
gRPC-USDT/internal/utils/utils.go:115.2,115.36 1 1
gRPC-USDT/internal/utils/utils.go:115.36,117.3 1 1
gRPC-USDT/internal/utils/utils.go:119.2,122.16 4 1
gRPC-USDT/internal/utils/utils.go:122.16,124.3 1 0
gRPC-USDT/internal/utils/utils.go:126.2,126.55 1 1
gRPC-USDT/internal/utils/utils.go:126.55,128.3 1 0
gRPC-USDT/internal/utils/utils.go:130.2,131.12 2 1
gRPC-USDT/internal/utils/utils.go:134.94,142.58 5 0
gRPC-USDT/internal/utils/utils.go:142.58,144.3 1 0
gRPC-USDT/internal/utils/utils.go:146.2,149.12 3 0
gRPC-USDT/internal/utils/utils.go:149.12,151.3 1 0
gRPC-USDT/internal/utils/utils.go:153.2,153.9 1 0
gRPC-USDT/internal/utils/utils.go:154.20,155.50 1 0
gRPC-USDT/internal/utils/utils.go:156.37,157.43 1 0
gRPC-USDT/internal/utils/utils.go:160.2,160.31 1 0
